Using pre-set license

 COMMAND LINE ARGUMENTS:
/Applications/Unity/Hub/Editor/2020.2.1f1/Unity.app/Contents/MacOS/Unity
-adb2
-batchMode
-noUpm
-name
AssetImportWorker0
-projectPath
/Users/ajay/Desktop/Scientific-Games-Monopoly-Demo
-logFile
Logs/AssetImportWorker0.log
-srvPort
58062
Successfully changed project path to: /Users/ajay/Desktop/Scientific-Games-Monopoly-Demo
/Users/ajay/Desktop/Scientific-Games-Monopoly-Demo
Using Asset Import Pipeline V2.
Refreshing native plugins compatible for Editor in 40.31 ms, found 1 plugins.
Preloading 0 native plugins for Editor in 0.00 ms.
Initialize engine version: 2020.2.1f1 (270dd8c3da1c)
[Subsystems] Discovering subsystems at path /Applications/Unity/Hub/Editor/2020.2.1f1/Unity.app/Contents/Resources/UnitySubsystems
[Subsystems] Discovering subsystems at path /Users/ajay/Desktop/Scientific-Games-Monopoly-Demo/Assets
GfxDevice: creating device client; threaded=0
2021-06-23 11:24:40.527 Unity[18799:1020926] (null) preferred device: Apple M1 (high power)
2021-06-23 11:24:40.527 Unity[18799:1020926] Metal devices available: 1
2021-06-23 11:24:40.527 Unity[18799:1020926] 0: Apple M1 (high power)
2021-06-23 11:24:40.528 Unity[18799:1020926] Using device Apple M1 (high power)
Initializing Metal device caps: Apple M1
Shader 'Universal Render Pipeline/Particles/Lit': fallback shader 'Universal Render Pipeline/Particles/SimpleLit' not found
Initialize mono
Mono path[0] = '/Applications/Unity/Hub/Editor/2020.2.1f1/Unity.app/Contents/Managed'
Mono path[1] = '/Applications/Unity/Hub/Editor/2020.2.1f1/Unity.app/Contents/MonoBleedingEdge/lib/mono/unityjit'
Mono config path = '/Applications/Unity/Hub/Editor/2020.2.1f1/Unity.app/Contents/MonoBleedingEdge/etc'
Using monoOptions --debugger-agent=transport=dt_socket,embedding=1,server=y,suspend=n,address=127.0.0.1:56799
Begin MonoManager ReloadAssembly
Registering precompiled unity dll's ...
Register platform support module: /Applications/Unity/Hub/Editor/2020.2.1f1/Unity.app/Contents/PlaybackEngines/MacStandaloneSupport/UnityEditor.OSXStandalone.Extensions.dll
Registered in 0.000832 seconds.
Native extension for OSXStandalone target not found
Refreshing native plugins compatible for Editor in 40.87 ms, found 1 plugins.
Preloading 0 native plugins for Editor in 0.00 ms.
Invoked RoslynAnalysisRunner static constructor.
RoslynAnalysisRunner will not be running.
RoslynAnalysisRunner has terminated.
Mono: successfully reloaded assembly
- Completed reload, in  2.036 seconds
Platform modules already initialized, skipping
Registering precompiled user dll's ...
Registered in 0.002384 seconds.
Begin MonoManager ReloadAssembly
Native extension for OSXStandalone target not found
Refreshing native plugins compatible for Editor in 38.95 ms, found 1 plugins.
Preloading 0 native plugins for Editor in 0.00 ms.
Invoked RoslynAnalysisRunner static constructor.
RoslynAnalysisRunner will not be running.
RoslynAnalysisRunner has terminated.
Mono: successfully reloaded assembly
- Completed reload, in  1.821 seconds
Platform modules already initialized, skipping
========================================================================
Worker process is ready to serve import requests
Shader 'Universal Render Pipeline/Particles/Lit': fallback shader 'Universal Render Pipeline/Particles/SimpleLit' not found
Launching external process: /Applications/Unity/Hub/Editor/2020.2.1f1/Unity.app/Contents/Tools/UnityShaderCompiler
Launched and connected shader compiler UnityShaderCompiler after 0.03 seconds
Refreshing native plugins compatible for Editor in 0.34 ms, found 1 plugins.
Preloading 0 native plugins for Editor in 0.00 ms.
Unloading 2445 Unused Serialized files (Serialized files now loaded: 0)
System memory in use before: 181.9 MB.
System memory in use after: 182.1 MB.

Unloading 10 unused Assets to reduce memory usage. Loaded Objects now: 2885.
Total: 1.551625 ms (FindLiveObjects: 0.204500 ms CreateObjectMapping: 0.052250 ms MarkObjects: 1.235125 ms  DeleteObjects: 0.059000 ms)

========================================================================
Received Import Request.
  path: Assets/Models/Board.blend
  artifactKey: Guid(7e35aa03813e478459926bda61935ee6) Importer(815301076,1909f56bfc062723c751e8b465ee728b)
Start importing Assets/Models/Board.blend using Guid(7e35aa03813e478459926bda61935ee6) Importer(815301076,1909f56bfc062723c751e8b465ee728b)  -> (artifact id: 'a808f4d10dafb502a2d7fdaadd537abb') in 0.513271 seconds
  Import took 0.516489 seconds .

========================================================================
Received Import Request.
  Time since last request: 0.000294 seconds.
  path: Assets/Models/Place 00.012 Place 00.013 Place 00.025 and more.png
  artifactKey: Guid(80bb6596e85f9f648a8048e96f38985d) Importer(815301076,1909f56bfc062723c751e8b465ee728b)
Start importing Assets/Models/Place 00.012 Place 00.013 Place 00.025 and more.png using Guid(80bb6596e85f9f648a8048e96f38985d) Importer(815301076,1909f56bfc062723c751e8b465ee728b)  -> (artifact id: '2767bf3636dd3b0dbaa72645ba65411a') in 0.491893 seconds
  Import took 0.494507 seconds .

========================================================================
Received Import Request.
  Time since last request: 8.691186 seconds.
  path: Assets/Models/Board.blend1
  artifactKey: Guid(be9e5f92b2248754a935bff3ece0063f) Importer(815301076,1909f56bfc062723c751e8b465ee728b)
Start importing Assets/Models/Board.blend1 using Guid(be9e5f92b2248754a935bff3ece0063f) Importer(815301076,1909f56bfc062723c751e8b465ee728b)  -> (artifact id: '28d96f0aa631d912cec2ff8db3fcaa32') in 0.537617 seconds
  Import took 0.541436 seconds .

========================================================================
Received Import Request.
  Time since last request: 19.078476 seconds.
  path: Assets/Materials/Skybox_Mat.mat
  artifactKey: Guid(0ffaa0b7117ba8c47a9d05ae701d4b4d) Importer(815301076,1909f56bfc062723c751e8b465ee728b)
Start importing Assets/Materials/Skybox_Mat.mat using Guid(0ffaa0b7117ba8c47a9d05ae701d4b4d) Importer(815301076,1909f56bfc062723c751e8b465ee728b)  -> (artifact id: 'c4320e24c1474b04d572ff4fba9b2855') in 0.660436 seconds
  Import took 0.665200 seconds .

